Build started 7/17/2013 4:57:00 AM.
     1>Project "C:\Users\DonBot\workspace - C++\ArchanoBox using SDL\ArchanoBox using SDL\ArchanoBox using SDL.vcxproj" on node 2 (Build target(s)).
     1>ClCompile:
         C:\Program Files (x86)\Microsoft Visual Studio 11.0\VC\bin\CL.exe /c /Zi /nologo /W3 /WX- /sdl /O2 /Oi /Oy- /GL /D WIN32 /D RELEASE /D _CONSOLE /D _UNICODE /D UNICODE /Gm- /EHsc /MD /GS /Gy /fp:precise /Zc:wchar_t /Zc:forScope /Yc"stdafx.h" /Fp"Release\ArchanoBox using SDL.pch" /Fo"Release\\" /Fd"Release\vc110.pdb" /Gd /TP /analyze- /errorReport:prompt "Source Files\stdafx.cpp"
         stdafx.cpp
         C:\Program Files (x86)\Microsoft Visual Studio 11.0\VC\bin\CL.exe /c /Zi /nologo /W3 /WX- /sdl /O2 /Oi /Oy- /GL /D WIN32 /D RELEASE /D _CONSOLE /D _UNICODE /D UNICODE /Gm- /EHsc /MD /GS /Gy /fp:precise /Zc:wchar_t /Zc:forScope /Yu"stdafx.h" /Fp"Release\ArchanoBox using SDL.pch" /Fo"Release\\" /Fd"Release\vc110.pdb" /Gd /TP /analyze- /errorReport:prompt "Source Files\1 Main.cpp" "Source Files\CCamera.cpp" "Source Files\CTimer.cpp" "Source Files\CTransformationPipeline.cpp" "Source Files\CShader.cpp" "Source Files\Math3D.cpp"
         1 Main.cpp
     1>Source Files\1 Main.cpp(180): warning C4018: '<' : signed/unsigned mismatch
         CCamera.cpp
         CTimer.cpp
         CTransformationPipeline.cpp
         CShader.cpp
         Math3D.cpp
       Link:
         C:\Program Files (x86)\Microsoft Visual Studio 11.0\VC\bin\link.exe /ERRORREPORT:PROMPT /OUT:"C:\Users\DonBot\workspace - C++\ArchanoBox using SDL\Release\ArchanoBox using SDL.exe" /INCREMENTAL:NO /NOLOGO glfx_release.lib SDL2.lib SDL2main.lib SDL2_image.lib glew32.lib opengl32.lib kernel32.lib user32.lib gdi32.lib winspool.lib comdlg32.lib advapi32.lib shell32.lib ole32.lib oleaut32.lib uuid.lib odbc32.lib odbccp32.lib /MANIFEST /MANIFESTUAC:"level='asInvoker' uiAccess='false'" /manifest:embed /DEBUG /PDB:"C:\Users\DonBot\workspace - C++\ArchanoBox using SDL\Release\ArchanoBox using SDL.pdb" /SUBSYSTEM:CONSOLE /OPT:REF /OPT:ICF /LTCG /TLBID:1 /DYNAMICBASE /NXCOMPAT /IMPLIB:"C:\Users\DonBot\workspace - C++\ArchanoBox using SDL\Release\ArchanoBox using SDL.lib" /MACHINE:X86 /SAFESEH "Release\1 Main.obj"
         Release\CCamera.obj
         Release\CTimer.obj
         Release\CTransformationPipeline.obj
         Release\CShader.obj
         Release\Math3D.obj
         Release\stdafx.obj
         Generating code
         Finished generating code
         ArchanoBox using SDL.vcxproj -> C:\Users\DonBot\workspace - C++\ArchanoBox using SDL\Release\ArchanoBox using SDL.exe
     1>Done Building Project "C:\Users\DonBot\workspace - C++\ArchanoBox using SDL\ArchanoBox using SDL\ArchanoBox using SDL.vcxproj" (Build target(s)).

Build succeeded.

Time Elapsed 00:00:01.80
