Build started 7/17/2013 11:57:04 PM.
     1>Project "C:\Users\DonBot\workspace - C++\ArchanoBox using SDL\ArchanoBox using SDL\ArchanoBox using SDL.vcxproj" on node 2 (Build target(s)).
     1>ClCompile:
         C:\Program Files (x86)\Microsoft Visual Studio 11.0\VC\bin\CL.exe /c /ZI /nologo /W3 /WX- /sdl /Od /Oy- /D WIN32 /D DEBUG /D _CONSOLE /D _UNICODE /D UNICODE /Gm /EHsc /RTC1 /MDd /GS /fp:precise /Zc:wchar_t /Zc:forScope /Yu"stdafx.h" /Fp"Debug\ArchanoBox using SDL.pch" /Fo"Debug\\" /Fd"Debug\vc110.pdb" /FR"Debug\\" /Gd /TP /analyze- /errorReport:prompt "Source Files\1 Main.cpp" "Source Files\CShader.cpp"
         CShader.cpp
         Generating Code...
         Skipping... (no relevant changes detected)
         1 Main.cpp
       Link:
         C:\Program Files (x86)\Microsoft Visual Studio 11.0\VC\bin\link.exe /ERRORREPORT:PROMPT /OUT:"C:\Users\DonBot\workspace - C++\ArchanoBox using SDL\Debug\ArchanoBox using SDL.exe" /INCREMENTAL /NOLOGO glfx_debug.lib SDL2.lib SDL2main.lib SDL2_image.lib glew32.lib opengl32.lib CORE_DB_Magick++_.lib kernel32.lib user32.lib gdi32.lib winspool.lib comdlg32.lib advapi32.lib shell32.lib ole32.lib oleaut32.lib uuid.lib odbc32.lib odbccp32.lib /MANIFEST /MANIFESTUAC:"level='asInvoker' uiAccess='false'" /manifest:embed /DEBUG /PDB:"C:\Users\DonBot\workspace - C++\ArchanoBox using SDL\Debug\ArchanoBox using SDL.pdb" /SUBSYSTEM:CONSOLE /TLBID:1 /DYNAMICBASE /NXCOMPAT /IMPLIB:"C:\Users\DonBot\workspace - C++\ArchanoBox using SDL\Debug\ArchanoBox using SDL.lib" /MACHINE:X86 "Debug\1 Main.obj"
         Debug\CCamera.obj
         Debug\CTexture.obj
         Debug\CTimer.obj
         Debug\CTransformationPipeline.obj
         Debug\CShader.obj
         Debug\Math3D.obj
         Debug\stdafx.obj
         ArchanoBox using SDL.vcxproj -> C:\Users\DonBot\workspace - C++\ArchanoBox using SDL\Debug\ArchanoBox using SDL.exe
       BscMake:
         C:\Program Files (x86)\Microsoft Visual Studio 11.0\VC\bin\bscmake.exe /nologo /o"C:\Users\DonBot\workspace - C++\ArchanoBox using SDL\Debug\ArchanoBox using SDL.bsc" /n "Debug\1 Main.sbr" Debug\CCamera.sbr Debug\CTexture.sbr Debug\CTimer.sbr Debug\CTransformationPipeline.sbr Debug\CShader.sbr Debug\Math3D.sbr Debug\stdafx.sbr
     1>Done Building Project "C:\Users\DonBot\workspace - C++\ArchanoBox using SDL\ArchanoBox using SDL\ArchanoBox using SDL.vcxproj" (Build target(s)).

Build succeeded.

Time Elapsed 00:00:02.37
