C:\USERS\DONBOT\WORKSPACE - C++\ARCHANOBOX USING SDL\DEBUG\ARCHANOBOX USING SDL.BSC
C:\USERS\DONBOT\WORKSPACE - C++\ARCHANOBOX USING SDL\ARCHANOBOX USING SDL\DEBUG\ARCHANOBOX USING SDL.PCH
C:\USERS\DONBOT\WORKSPACE - C++\ARCHANOBOX USING SDL\ARCHANOBOX USING SDL\DEBUG\VC110.PDB
C:\USERS\DONBOT\WORKSPACE - C++\ARCHANOBOX USING SDL\ARCHANOBOX USING SDL\DEBUG\STDAFX.OBJ
C:\USERS\DONBOT\WORKSPACE - C++\ARCHANOBOX USING SDL\ARCHANOBOX USING SDL\DEBUG\STDAFX.SBR
C:\USERS\DONBOT\WORKSPACE - C++\ARCHANOBOX USING SDL\ARCHANOBOX USING SDL\DEBUG\CIMAGELOADER.OBJ
C:\USERS\DONBOT\WORKSPACE - C++\ARCHANOBOX USING SDL\ARCHANOBOX USING SDL\DEBUG\1 MAIN.OBJ
C:\USERS\DONBOT\WORKSPACE - C++\ARCHANOBOX USING SDL\ARCHANOBOX USING SDL\DEBUG\1 MAIN.SBR
C:\USERS\DONBOT\WORKSPACE - C++\ARCHANOBOX USING SDL\ARCHANOBOX USING SDL\DEBUG\CIMAGELOADER_SDL.OBJ
C:\USERS\DONBOT\WORKSPACE - C++\ARCHANOBOX USING SDL\ARCHANOBOX USING SDL\DEBUG\OGLDEVTUTORIALS.OBJ
C:\USERS\DONBOT\WORKSPACE - C++\ARCHANOBOX USING SDL\ARCHANOBOX USING SDL\DEBUG\OGLDEVTUTORIALS_SHADERS.OBJ
C:\USERS\DONBOT\WORKSPACE - C++\ARCHANOBOX USING SDL\ARCHANOBOX USING SDL\DEBUG\CTESTRENDERING.OBJ
C:\USERS\DONBOT\WORKSPACE - C++\ARCHANOBOX USING SDL\ARCHANOBOX USING SDL\DEBUG\CSHADER.OBJ
C:\USERS\DONBOT\WORKSPACE - C++\ARCHANOBOX USING SDL\ARCHANOBOX USING SDL\DEBUG\CSHADER.SBR
C:\USERS\DONBOT\WORKSPACE - C++\ARCHANOBOX USING SDL\ARCHANOBOX USING SDL\DEBUG\CMATRIXTRANSFORMATION.OBJ
C:\USERS\DONBOT\WORKSPACE - C++\ARCHANOBOX USING SDL\ARCHANOBOX USING SDL\DEBUG\CMATRIXTRANSFORMATION.SBR
C:\USERS\DONBOT\WORKSPACE - C++\ARCHANOBOX USING SDL\ARCHANOBOX USING SDL\DEBUG\CTRANSFORMATIONPIPELINE.SBR
C:\USERS\DONBOT\WORKSPACE - C++\ARCHANOBOX USING SDL\ARCHANOBOX USING SDL\DEBUG\CTRANSFORMATIONPIPELINE.OBJ
C:\USERS\DONBOT\WORKSPACE - C++\ARCHANOBOX USING SDL\ARCHANOBOX USING SDL\DEBUG\MATH3D.SBR
C:\USERS\DONBOT\WORKSPACE - C++\ARCHANOBOX USING SDL\ARCHANOBOX USING SDL\DEBUG\MATH3D.OBJ
C:\USERS\DONBOT\WORKSPACE - C++\ARCHANOBOX USING SDL\ARCHANOBOX USING SDL\DEBUG\CCAMERA.SBR
C:\USERS\DONBOT\WORKSPACE - C++\ARCHANOBOX USING SDL\ARCHANOBOX USING SDL\DEBUG\CCAMERA.OBJ
C:\USERS\DONBOT\WORKSPACE - C++\ARCHANOBOX USING SDL\ARCHANOBOX USING SDL\DEBUG\CTIMER.SBR
C:\USERS\DONBOT\WORKSPACE - C++\ARCHANOBOX USING SDL\ARCHANOBOX USING SDL\DEBUG\CTIMER.OBJ
C:\Users\DonBot\workspace - C++\ArchanoBox using SDL\ArchanoBox using SDL\Debug\1 Main.obj
C:\Users\DonBot\workspace - C++\ArchanoBox using SDL\ArchanoBox using SDL\Debug\CCamera.obj
C:\Users\DonBot\workspace - C++\ArchanoBox using SDL\ArchanoBox using SDL\Debug\CImageLoader.obj
C:\Users\DonBot\workspace - C++\ArchanoBox using SDL\ArchanoBox using SDL\Debug\CImageLoader_SDL.obj
C:\Users\DonBot\workspace - C++\ArchanoBox using SDL\ArchanoBox using SDL\Debug\CMatrixTransformation.obj
C:\Users\DonBot\workspace - C++\ArchanoBox using SDL\ArchanoBox using SDL\Debug\CShader.obj
C:\Users\DonBot\workspace - C++\ArchanoBox using SDL\ArchanoBox using SDL\Debug\CTestRendering.obj
C:\Users\DonBot\workspace - C++\ArchanoBox using SDL\ArchanoBox using SDL\Debug\CTimer.obj
C:\Users\DonBot\workspace - C++\ArchanoBox using SDL\ArchanoBox using SDL\Debug\CTransformationPipeline.obj
C:\Users\DonBot\workspace - C++\ArchanoBox using SDL\ArchanoBox using SDL\Debug\Math3D.obj
C:\Users\DonBot\workspace - C++\ArchanoBox using SDL\ArchanoBox using SDL\Debug\ogldevTutorials.obj
C:\Users\DonBot\workspace - C++\ArchanoBox using SDL\ArchanoBox using SDL\Debug\ogldevTutorials_shaders.obj
C:\Users\DonBot\workspace - C++\ArchanoBox using SDL\ArchanoBox using SDL\Debug\stdafx.obj
C:\Users\DonBot\workspace - C++\ArchanoBox using SDL\ArchanoBox using SDL\Debug\BscMake.command.1.tlog
C:\Users\DonBot\workspace - C++\ArchanoBox using SDL\ArchanoBox using SDL\Debug\bscmake.read.1.tlog
C:\Users\DonBot\workspace - C++\ArchanoBox using SDL\ArchanoBox using SDL\Debug\BscMake.write.1.tlog
C:\Users\DonBot\workspace - C++\ArchanoBox using SDL\ArchanoBox using SDL\Debug\cl.command.1.tlog
C:\Users\DonBot\workspace - C++\ArchanoBox using SDL\ArchanoBox using SDL\Debug\CL.read.1.tlog
C:\Users\DonBot\workspace - C++\ArchanoBox using SDL\ArchanoBox using SDL\Debug\CL.write.1.tlog
C:\Users\DonBot\workspace - C++\ArchanoBox using SDL\ArchanoBox using SDL\Debug\link-cvtres.read.1.tlog
C:\Users\DonBot\workspace - C++\ArchanoBox using SDL\ArchanoBox using SDL\Debug\link-cvtres.write.1.tlog
C:\Users\DonBot\workspace - C++\ArchanoBox using SDL\ArchanoBox using SDL\Debug\link-rc.read.1.tlog
C:\Users\DonBot\workspace - C++\ArchanoBox using SDL\ArchanoBox using SDL\Debug\link-rc.write.1.tlog
C:\Users\DonBot\workspace - C++\ArchanoBox using SDL\ArchanoBox using SDL\Debug\link.10204-cvtres.read.1.tlog
C:\Users\DonBot\workspace - C++\ArchanoBox using SDL\ArchanoBox using SDL\Debug\link.10204-cvtres.write.1.tlog
C:\Users\DonBot\workspace - C++\ArchanoBox using SDL\ArchanoBox using SDL\Debug\link.10204-rc.read.1.tlog
C:\Users\DonBot\workspace - C++\ArchanoBox using SDL\ArchanoBox using SDL\Debug\link.10204-rc.write.1.tlog
C:\Users\DonBot\workspace - C++\ArchanoBox using SDL\ArchanoBox using SDL\Debug\link.10204.read.1.tlog
C:\Users\DonBot\workspace - C++\ArchanoBox using SDL\ArchanoBox using SDL\Debug\link.10204.write.1.tlog
C:\Users\DonBot\workspace - C++\ArchanoBox using SDL\ArchanoBox using SDL\Debug\link.11668-cvtres.read.1.tlog
C:\Users\DonBot\workspace - C++\ArchanoBox using SDL\ArchanoBox using SDL\Debug\link.11668-cvtres.write.1.tlog
C:\Users\DonBot\workspace - C++\ArchanoBox using SDL\ArchanoBox using SDL\Debug\link.11668-rc.read.1.tlog
C:\Users\DonBot\workspace - C++\ArchanoBox using SDL\ArchanoBox using SDL\Debug\link.11668-rc.write.1.tlog
C:\Users\DonBot\workspace - C++\ArchanoBox using SDL\ArchanoBox using SDL\Debug\link.11668.read.1.tlog
C:\Users\DonBot\workspace - C++\ArchanoBox using SDL\ArchanoBox using SDL\Debug\link.11668.write.1.tlog
C:\Users\DonBot\workspace - C++\ArchanoBox using SDL\ArchanoBox using SDL\Debug\link.1440-cvtres.read.1.tlog
C:\Users\DonBot\workspace - C++\ArchanoBox using SDL\ArchanoBox using SDL\Debug\link.1440-cvtres.write.1.tlog
C:\Users\DonBot\workspace - C++\ArchanoBox using SDL\ArchanoBox using SDL\Debug\link.1440-rc.read.1.tlog
C:\Users\DonBot\workspace - C++\ArchanoBox using SDL\ArchanoBox using SDL\Debug\link.1440-rc.write.1.tlog
C:\Users\DonBot\workspace - C++\ArchanoBox using SDL\ArchanoBox using SDL\Debug\link.1440.read.1.tlog
C:\Users\DonBot\workspace - C++\ArchanoBox using SDL\ArchanoBox using SDL\Debug\link.1440.write.1.tlog
C:\Users\DonBot\workspace - C++\ArchanoBox using SDL\ArchanoBox using SDL\Debug\link.1572-cvtres.read.1.tlog
C:\Users\DonBot\workspace - C++\ArchanoBox using SDL\ArchanoBox using SDL\Debug\link.1572-cvtres.write.1.tlog
C:\Users\DonBot\workspace - C++\ArchanoBox using SDL\ArchanoBox using SDL\Debug\link.1572-rc.read.1.tlog
C:\Users\DonBot\workspace - C++\ArchanoBox using SDL\ArchanoBox using SDL\Debug\link.1572-rc.write.1.tlog
C:\Users\DonBot\workspace - C++\ArchanoBox using SDL\ArchanoBox using SDL\Debug\link.1572.read.1.tlog
C:\Users\DonBot\workspace - C++\ArchanoBox using SDL\ArchanoBox using SDL\Debug\link.1572.write.1.tlog
C:\Users\DonBot\workspace - C++\ArchanoBox using SDL\ArchanoBox using SDL\Debug\link.2352-cvtres.read.1.tlog
C:\Users\DonBot\workspace - C++\ArchanoBox using SDL\ArchanoBox using SDL\Debug\link.2352-cvtres.write.1.tlog
C:\Users\DonBot\workspace - C++\ArchanoBox using SDL\ArchanoBox using SDL\Debug\link.2352-rc.read.1.tlog
C:\Users\DonBot\workspace - C++\ArchanoBox using SDL\ArchanoBox using SDL\Debug\link.2352-rc.write.1.tlog
C:\Users\DonBot\workspace - C++\ArchanoBox using SDL\ArchanoBox using SDL\Debug\link.2352.read.1.tlog
C:\Users\DonBot\workspace - C++\ArchanoBox using SDL\ArchanoBox using SDL\Debug\link.2352.write.1.tlog
C:\Users\DonBot\workspace - C++\ArchanoBox using SDL\ArchanoBox using SDL\Debug\link.4092-cvtres.read.1.tlog
C:\Users\DonBot\workspace - C++\ArchanoBox using SDL\ArchanoBox using SDL\Debug\link.4092-cvtres.write.1.tlog
C:\Users\DonBot\workspace - C++\ArchanoBox using SDL\ArchanoBox using SDL\Debug\link.4092-rc.read.1.tlog
C:\Users\DonBot\workspace - C++\ArchanoBox using SDL\ArchanoBox using SDL\Debug\link.4092-rc.write.1.tlog
C:\Users\DonBot\workspace - C++\ArchanoBox using SDL\ArchanoBox using SDL\Debug\link.4092.read.1.tlog
C:\Users\DonBot\workspace - C++\ArchanoBox using SDL\ArchanoBox using SDL\Debug\link.4092.write.1.tlog
C:\Users\DonBot\workspace - C++\ArchanoBox using SDL\ArchanoBox using SDL\Debug\link.4460-cvtres.read.1.tlog
C:\Users\DonBot\workspace - C++\ArchanoBox using SDL\ArchanoBox using SDL\Debug\link.4460-cvtres.write.1.tlog
C:\Users\DonBot\workspace - C++\ArchanoBox using SDL\ArchanoBox using SDL\Debug\link.4460-rc.read.1.tlog
C:\Users\DonBot\workspace - C++\ArchanoBox using SDL\ArchanoBox using SDL\Debug\link.4460-rc.write.1.tlog
C:\Users\DonBot\workspace - C++\ArchanoBox using SDL\ArchanoBox using SDL\Debug\link.4460.read.1.tlog
C:\Users\DonBot\workspace - C++\ArchanoBox using SDL\ArchanoBox using SDL\Debug\link.4460.write.1.tlog
C:\Users\DonBot\workspace - C++\ArchanoBox using SDL\ArchanoBox using SDL\Debug\link.4800-cvtres.read.1.tlog
C:\Users\DonBot\workspace - C++\ArchanoBox using SDL\ArchanoBox using SDL\Debug\link.4800-cvtres.write.1.tlog
C:\Users\DonBot\workspace - C++\ArchanoBox using SDL\ArchanoBox using SDL\Debug\link.4800-rc.read.1.tlog
C:\Users\DonBot\workspace - C++\ArchanoBox using SDL\ArchanoBox using SDL\Debug\link.4800-rc.write.1.tlog
C:\Users\DonBot\workspace - C++\ArchanoBox using SDL\ArchanoBox using SDL\Debug\link.4800.read.1.tlog
C:\Users\DonBot\workspace - C++\ArchanoBox using SDL\ArchanoBox using SDL\Debug\link.4800.write.1.tlog
C:\Users\DonBot\workspace - C++\ArchanoBox using SDL\ArchanoBox using SDL\Debug\link.4840-cvtres.read.1.tlog
C:\Users\DonBot\workspace - C++\ArchanoBox using SDL\ArchanoBox using SDL\Debug\link.4840-cvtres.write.1.tlog
C:\Users\DonBot\workspace - C++\ArchanoBox using SDL\ArchanoBox using SDL\Debug\link.4840-rc.read.1.tlog
C:\Users\DonBot\workspace - C++\ArchanoBox using SDL\ArchanoBox using SDL\Debug\link.4840-rc.write.1.tlog
C:\Users\DonBot\workspace - C++\ArchanoBox using SDL\ArchanoBox using SDL\Debug\link.4840.read.1.tlog
C:\Users\DonBot\workspace - C++\ArchanoBox using SDL\ArchanoBox using SDL\Debug\link.4840.write.1.tlog
C:\Users\DonBot\workspace - C++\ArchanoBox using SDL\ArchanoBox using SDL\Debug\link.504-cvtres.read.1.tlog
C:\Users\DonBot\workspace - C++\ArchanoBox using SDL\ArchanoBox using SDL\Debug\link.504-cvtres.write.1.tlog
C:\Users\DonBot\workspace - C++\ArchanoBox using SDL\ArchanoBox using SDL\Debug\link.504-rc.read.1.tlog
C:\Users\DonBot\workspace - C++\ArchanoBox using SDL\ArchanoBox using SDL\Debug\link.504-rc.write.1.tlog
C:\Users\DonBot\workspace - C++\ArchanoBox using SDL\ArchanoBox using SDL\Debug\link.504.read.1.tlog
C:\Users\DonBot\workspace - C++\ArchanoBox using SDL\ArchanoBox using SDL\Debug\link.504.write.1.tlog
C:\Users\DonBot\workspace - C++\ArchanoBox using SDL\ArchanoBox using SDL\Debug\link.5148-cvtres.read.1.tlog
C:\Users\DonBot\workspace - C++\ArchanoBox using SDL\ArchanoBox using SDL\Debug\link.5148-cvtres.write.1.tlog
C:\Users\DonBot\workspace - C++\ArchanoBox using SDL\ArchanoBox using SDL\Debug\link.5148-rc.read.1.tlog
C:\Users\DonBot\workspace - C++\ArchanoBox using SDL\ArchanoBox using SDL\Debug\link.5148-rc.write.1.tlog
C:\Users\DonBot\workspace - C++\ArchanoBox using SDL\ArchanoBox using SDL\Debug\link.5148.read.1.tlog
C:\Users\DonBot\workspace - C++\ArchanoBox using SDL\ArchanoBox using SDL\Debug\link.5148.write.1.tlog
C:\Users\DonBot\workspace - C++\ArchanoBox using SDL\ArchanoBox using SDL\Debug\link.5208-cvtres.read.1.tlog
C:\Users\DonBot\workspace - C++\ArchanoBox using SDL\ArchanoBox using SDL\Debug\link.5208-cvtres.write.1.tlog
C:\Users\DonBot\workspace - C++\ArchanoBox using SDL\ArchanoBox using SDL\Debug\link.5208-rc.read.1.tlog
C:\Users\DonBot\workspace - C++\ArchanoBox using SDL\ArchanoBox using SDL\Debug\link.5208-rc.write.1.tlog
C:\Users\DonBot\workspace - C++\ArchanoBox using SDL\ArchanoBox using SDL\Debug\link.5208.read.1.tlog
C:\Users\DonBot\workspace - C++\ArchanoBox using SDL\ArchanoBox using SDL\Debug\link.5208.write.1.tlog
C:\Users\DonBot\workspace - C++\ArchanoBox using SDL\ArchanoBox using SDL\Debug\link.5444-cvtres.read.1.tlog
C:\Users\DonBot\workspace - C++\ArchanoBox using SDL\ArchanoBox using SDL\Debug\link.5444-cvtres.write.1.tlog
C:\Users\DonBot\workspace - C++\ArchanoBox using SDL\ArchanoBox using SDL\Debug\link.5444-rc.read.1.tlog
C:\Users\DonBot\workspace - C++\ArchanoBox using SDL\ArchanoBox using SDL\Debug\link.5444-rc.write.1.tlog
C:\Users\DonBot\workspace - C++\ArchanoBox using SDL\ArchanoBox using SDL\Debug\link.5444.read.1.tlog
C:\Users\DonBot\workspace - C++\ArchanoBox using SDL\ArchanoBox using SDL\Debug\link.5444.write.1.tlog
C:\Users\DonBot\workspace - C++\ArchanoBox using SDL\ArchanoBox using SDL\Debug\link.5452-cvtres.read.1.tlog
C:\Users\DonBot\workspace - C++\ArchanoBox using SDL\ArchanoBox using SDL\Debug\link.5452-cvtres.write.1.tlog
C:\Users\DonBot\workspace - C++\ArchanoBox using SDL\ArchanoBox using SDL\Debug\link.5452-rc.read.1.tlog
C:\Users\DonBot\workspace - C++\ArchanoBox using SDL\ArchanoBox using SDL\Debug\link.5452-rc.write.1.tlog
C:\Users\DonBot\workspace - C++\ArchanoBox using SDL\ArchanoBox using SDL\Debug\link.5452.read.1.tlog
C:\Users\DonBot\workspace - C++\ArchanoBox using SDL\ArchanoBox using SDL\Debug\link.5452.write.1.tlog
C:\Users\DonBot\workspace - C++\ArchanoBox using SDL\ArchanoBox using SDL\Debug\link.5740-cvtres.read.1.tlog
C:\Users\DonBot\workspace - C++\ArchanoBox using SDL\ArchanoBox using SDL\Debug\link.5740-cvtres.write.1.tlog
C:\Users\DonBot\workspace - C++\ArchanoBox using SDL\ArchanoBox using SDL\Debug\link.5740-rc.read.1.tlog
C:\Users\DonBot\workspace - C++\ArchanoBox using SDL\ArchanoBox using SDL\Debug\link.5740-rc.write.1.tlog
C:\Users\DonBot\workspace - C++\ArchanoBox using SDL\ArchanoBox using SDL\Debug\link.5740.read.1.tlog
C:\Users\DonBot\workspace - C++\ArchanoBox using SDL\ArchanoBox using SDL\Debug\link.5740.write.1.tlog
C:\Users\DonBot\workspace - C++\ArchanoBox using SDL\ArchanoBox using SDL\Debug\link.6108-cvtres.read.1.tlog
C:\Users\DonBot\workspace - C++\ArchanoBox using SDL\ArchanoBox using SDL\Debug\link.6108-cvtres.write.1.tlog
C:\Users\DonBot\workspace - C++\ArchanoBox using SDL\ArchanoBox using SDL\Debug\link.6108-rc.read.1.tlog
C:\Users\DonBot\workspace - C++\ArchanoBox using SDL\ArchanoBox using SDL\Debug\link.6108-rc.write.1.tlog
C:\Users\DonBot\workspace - C++\ArchanoBox using SDL\ArchanoBox using SDL\Debug\link.6108.read.1.tlog
C:\Users\DonBot\workspace - C++\ArchanoBox using SDL\ArchanoBox using SDL\Debug\link.6108.write.1.tlog
C:\Users\DonBot\workspace - C++\ArchanoBox using SDL\ArchanoBox using SDL\Debug\link.6728-cvtres.read.1.tlog
C:\Users\DonBot\workspace - C++\ArchanoBox using SDL\ArchanoBox using SDL\Debug\link.6728-cvtres.write.1.tlog
C:\Users\DonBot\workspace - C++\ArchanoBox using SDL\ArchanoBox using SDL\Debug\link.6728-rc.read.1.tlog
C:\Users\DonBot\workspace - C++\ArchanoBox using SDL\ArchanoBox using SDL\Debug\link.6728-rc.write.1.tlog
C:\Users\DonBot\workspace - C++\ArchanoBox using SDL\ArchanoBox using SDL\Debug\link.6728.read.1.tlog
C:\Users\DonBot\workspace - C++\ArchanoBox using SDL\ArchanoBox using SDL\Debug\link.6728.write.1.tlog
C:\Users\DonBot\workspace - C++\ArchanoBox using SDL\ArchanoBox using SDL\Debug\link.6876-cvtres.read.1.tlog
C:\Users\DonBot\workspace - C++\ArchanoBox using SDL\ArchanoBox using SDL\Debug\link.6876-cvtres.write.1.tlog
C:\Users\DonBot\workspace - C++\ArchanoBox using SDL\ArchanoBox using SDL\Debug\link.6876-rc.read.1.tlog
C:\Users\DonBot\workspace - C++\ArchanoBox using SDL\ArchanoBox using SDL\Debug\link.6876-rc.write.1.tlog
C:\Users\DonBot\workspace - C++\ArchanoBox using SDL\ArchanoBox using SDL\Debug\link.6876.read.1.tlog
C:\Users\DonBot\workspace - C++\ArchanoBox using SDL\ArchanoBox using SDL\Debug\link.6876.write.1.tlog
C:\Users\DonBot\workspace - C++\ArchanoBox using SDL\ArchanoBox using SDL\Debug\link.7128-cvtres.read.1.tlog
C:\Users\DonBot\workspace - C++\ArchanoBox using SDL\ArchanoBox using SDL\Debug\link.7128-cvtres.write.1.tlog
C:\Users\DonBot\workspace - C++\ArchanoBox using SDL\ArchanoBox using SDL\Debug\link.7128-rc.read.1.tlog
C:\Users\DonBot\workspace - C++\ArchanoBox using SDL\ArchanoBox using SDL\Debug\link.7128-rc.write.1.tlog
C:\Users\DonBot\workspace - C++\ArchanoBox using SDL\ArchanoBox using SDL\Debug\link.7128.read.1.tlog
C:\Users\DonBot\workspace - C++\ArchanoBox using SDL\ArchanoBox using SDL\Debug\link.7128.write.1.tlog
C:\Users\DonBot\workspace - C++\ArchanoBox using SDL\ArchanoBox using SDL\Debug\link.7188-cvtres.read.1.tlog
C:\Users\DonBot\workspace - C++\ArchanoBox using SDL\ArchanoBox using SDL\Debug\link.7188-cvtres.write.1.tlog
C:\Users\DonBot\workspace - C++\ArchanoBox using SDL\ArchanoBox using SDL\Debug\link.7188-rc.read.1.tlog
C:\Users\DonBot\workspace - C++\ArchanoBox using SDL\ArchanoBox using SDL\Debug\link.7188-rc.write.1.tlog
C:\Users\DonBot\workspace - C++\ArchanoBox using SDL\ArchanoBox using SDL\Debug\link.7188.read.1.tlog
C:\Users\DonBot\workspace - C++\ArchanoBox using SDL\ArchanoBox using SDL\Debug\link.7188.write.1.tlog
C:\Users\DonBot\workspace - C++\ArchanoBox using SDL\ArchanoBox using SDL\Debug\link.7288-cvtres.read.1.tlog
C:\Users\DonBot\workspace - C++\ArchanoBox using SDL\ArchanoBox using SDL\Debug\link.7288-cvtres.write.1.tlog
C:\Users\DonBot\workspace - C++\ArchanoBox using SDL\ArchanoBox using SDL\Debug\link.7288-rc.read.1.tlog
C:\Users\DonBot\workspace - C++\ArchanoBox using SDL\ArchanoBox using SDL\Debug\link.7288-rc.write.1.tlog
C:\Users\DonBot\workspace - C++\ArchanoBox using SDL\ArchanoBox using SDL\Debug\link.7288.read.1.tlog
C:\Users\DonBot\workspace - C++\ArchanoBox using SDL\ArchanoBox using SDL\Debug\link.7288.write.1.tlog
C:\Users\DonBot\workspace - C++\ArchanoBox using SDL\ArchanoBox using SDL\Debug\link.7308-cvtres.read.1.tlog
C:\Users\DonBot\workspace - C++\ArchanoBox using SDL\ArchanoBox using SDL\Debug\link.7308-cvtres.write.1.tlog
C:\Users\DonBot\workspace - C++\ArchanoBox using SDL\ArchanoBox using SDL\Debug\link.7308-rc.read.1.tlog
C:\Users\DonBot\workspace - C++\ArchanoBox using SDL\ArchanoBox using SDL\Debug\link.7308-rc.write.1.tlog
C:\Users\DonBot\workspace - C++\ArchanoBox using SDL\ArchanoBox using SDL\Debug\link.7308.read.1.tlog
C:\Users\DonBot\workspace - C++\ArchanoBox using SDL\ArchanoBox using SDL\Debug\link.7308.write.1.tlog
C:\Users\DonBot\workspace - C++\ArchanoBox using SDL\ArchanoBox using SDL\Debug\link.7364-cvtres.read.1.tlog
C:\Users\DonBot\workspace - C++\ArchanoBox using SDL\ArchanoBox using SDL\Debug\link.7364-cvtres.write.1.tlog
C:\Users\DonBot\workspace - C++\ArchanoBox using SDL\ArchanoBox using SDL\Debug\link.7364-rc.read.1.tlog
C:\Users\DonBot\workspace - C++\ArchanoBox using SDL\ArchanoBox using SDL\Debug\link.7364-rc.write.1.tlog
C:\Users\DonBot\workspace - C++\ArchanoBox using SDL\ArchanoBox using SDL\Debug\link.7364.read.1.tlog
C:\Users\DonBot\workspace - C++\ArchanoBox using SDL\ArchanoBox using SDL\Debug\link.7364.write.1.tlog
C:\Users\DonBot\workspace - C++\ArchanoBox using SDL\ArchanoBox using SDL\Debug\link.7392-cvtres.read.1.tlog
C:\Users\DonBot\workspace - C++\ArchanoBox using SDL\ArchanoBox using SDL\Debug\link.7392-cvtres.write.1.tlog
C:\Users\DonBot\workspace - C++\ArchanoBox using SDL\ArchanoBox using SDL\Debug\link.7392-rc.read.1.tlog
C:\Users\DonBot\workspace - C++\ArchanoBox using SDL\ArchanoBox using SDL\Debug\link.7392-rc.write.1.tlog
C:\Users\DonBot\workspace - C++\ArchanoBox using SDL\ArchanoBox using SDL\Debug\link.7392.read.1.tlog
C:\Users\DonBot\workspace - C++\ArchanoBox using SDL\ArchanoBox using SDL\Debug\link.7392.write.1.tlog
C:\Users\DonBot\workspace - C++\ArchanoBox using SDL\ArchanoBox using SDL\Debug\link.7480-cvtres.read.1.tlog
C:\Users\DonBot\workspace - C++\ArchanoBox using SDL\ArchanoBox using SDL\Debug\link.7480-cvtres.write.1.tlog
C:\Users\DonBot\workspace - C++\ArchanoBox using SDL\ArchanoBox using SDL\Debug\link.7480-rc.read.1.tlog
C:\Users\DonBot\workspace - C++\ArchanoBox using SDL\ArchanoBox using SDL\Debug\link.7480-rc.write.1.tlog
C:\Users\DonBot\workspace - C++\ArchanoBox using SDL\ArchanoBox using SDL\Debug\link.7480.read.1.tlog
C:\Users\DonBot\workspace - C++\ArchanoBox using SDL\ArchanoBox using SDL\Debug\link.7480.write.1.tlog
C:\Users\DonBot\workspace - C++\ArchanoBox using SDL\ArchanoBox using SDL\Debug\link.7652-cvtres.read.1.tlog
C:\Users\DonBot\workspace - C++\ArchanoBox using SDL\ArchanoBox using SDL\Debug\link.7652-cvtres.write.1.tlog
C:\Users\DonBot\workspace - C++\ArchanoBox using SDL\ArchanoBox using SDL\Debug\link.7652-rc.read.1.tlog
C:\Users\DonBot\workspace - C++\ArchanoBox using SDL\ArchanoBox using SDL\Debug\link.7652-rc.write.1.tlog
C:\Users\DonBot\workspace - C++\ArchanoBox using SDL\ArchanoBox using SDL\Debug\link.7652.read.1.tlog
C:\Users\DonBot\workspace - C++\ArchanoBox using SDL\ArchanoBox using SDL\Debug\link.7652.write.1.tlog
C:\Users\DonBot\workspace - C++\ArchanoBox using SDL\ArchanoBox using SDL\Debug\link.7864-cvtres.read.1.tlog
C:\Users\DonBot\workspace - C++\ArchanoBox using SDL\ArchanoBox using SDL\Debug\link.7864-cvtres.write.1.tlog
C:\Users\DonBot\workspace - C++\ArchanoBox using SDL\ArchanoBox using SDL\Debug\link.7864-rc.read.1.tlog
C:\Users\DonBot\workspace - C++\ArchanoBox using SDL\ArchanoBox using SDL\Debug\link.7864-rc.write.1.tlog
C:\Users\DonBot\workspace - C++\ArchanoBox using SDL\ArchanoBox using SDL\Debug\link.7864.read.1.tlog
C:\Users\DonBot\workspace - C++\ArchanoBox using SDL\ArchanoBox using SDL\Debug\link.7864.write.1.tlog
C:\Users\DonBot\workspace - C++\ArchanoBox using SDL\ArchanoBox using SDL\Debug\link.8460-cvtres.read.1.tlog
C:\Users\DonBot\workspace - C++\ArchanoBox using SDL\ArchanoBox using SDL\Debug\link.8460-cvtres.write.1.tlog
C:\Users\DonBot\workspace - C++\ArchanoBox using SDL\ArchanoBox using SDL\Debug\link.8460-rc.read.1.tlog
C:\Users\DonBot\workspace - C++\ArchanoBox using SDL\ArchanoBox using SDL\Debug\link.8460-rc.write.1.tlog
C:\Users\DonBot\workspace - C++\ArchanoBox using SDL\ArchanoBox using SDL\Debug\link.8460.read.1.tlog
C:\Users\DonBot\workspace - C++\ArchanoBox using SDL\ArchanoBox using SDL\Debug\link.8460.write.1.tlog
C:\Users\DonBot\workspace - C++\ArchanoBox using SDL\ArchanoBox using SDL\Debug\link.8672-cvtres.read.1.tlog
C:\Users\DonBot\workspace - C++\ArchanoBox using SDL\ArchanoBox using SDL\Debug\link.8672-cvtres.write.1.tlog
C:\Users\DonBot\workspace - C++\ArchanoBox using SDL\ArchanoBox using SDL\Debug\link.8672-rc.read.1.tlog
C:\Users\DonBot\workspace - C++\ArchanoBox using SDL\ArchanoBox using SDL\Debug\link.8672-rc.write.1.tlog
C:\Users\DonBot\workspace - C++\ArchanoBox using SDL\ArchanoBox using SDL\Debug\link.8672.read.1.tlog
C:\Users\DonBot\workspace - C++\ArchanoBox using SDL\ArchanoBox using SDL\Debug\link.8672.write.1.tlog
C:\Users\DonBot\workspace - C++\ArchanoBox using SDL\ArchanoBox using SDL\Debug\link.8796-cvtres.read.1.tlog
C:\Users\DonBot\workspace - C++\ArchanoBox using SDL\ArchanoBox using SDL\Debug\link.8796-cvtres.write.1.tlog
C:\Users\DonBot\workspace - C++\ArchanoBox using SDL\ArchanoBox using SDL\Debug\link.8796-rc.read.1.tlog
C:\Users\DonBot\workspace - C++\ArchanoBox using SDL\ArchanoBox using SDL\Debug\link.8796-rc.write.1.tlog
C:\Users\DonBot\workspace - C++\ArchanoBox using SDL\ArchanoBox using SDL\Debug\link.8796.read.1.tlog
C:\Users\DonBot\workspace - C++\ArchanoBox using SDL\ArchanoBox using SDL\Debug\link.8796.write.1.tlog
C:\Users\DonBot\workspace - C++\ArchanoBox using SDL\ArchanoBox using SDL\Debug\link.8852-cvtres.read.1.tlog
C:\Users\DonBot\workspace - C++\ArchanoBox using SDL\ArchanoBox using SDL\Debug\link.8852-cvtres.write.1.tlog
C:\Users\DonBot\workspace - C++\ArchanoBox using SDL\ArchanoBox using SDL\Debug\link.8852-rc.read.1.tlog
C:\Users\DonBot\workspace - C++\ArchanoBox using SDL\ArchanoBox using SDL\Debug\link.8852-rc.write.1.tlog
C:\Users\DonBot\workspace - C++\ArchanoBox using SDL\ArchanoBox using SDL\Debug\link.8852.read.1.tlog
C:\Users\DonBot\workspace - C++\ArchanoBox using SDL\ArchanoBox using SDL\Debug\link.8852.write.1.tlog
C:\Users\DonBot\workspace - C++\ArchanoBox using SDL\ArchanoBox using SDL\Debug\link.8908-cvtres.read.1.tlog
C:\Users\DonBot\workspace - C++\ArchanoBox using SDL\ArchanoBox using SDL\Debug\link.8908-cvtres.write.1.tlog
C:\Users\DonBot\workspace - C++\ArchanoBox using SDL\ArchanoBox using SDL\Debug\link.8908-rc.read.1.tlog
C:\Users\DonBot\workspace - C++\ArchanoBox using SDL\ArchanoBox using SDL\Debug\link.8908-rc.write.1.tlog
C:\Users\DonBot\workspace - C++\ArchanoBox using SDL\ArchanoBox using SDL\Debug\link.8908.read.1.tlog
C:\Users\DonBot\workspace - C++\ArchanoBox using SDL\ArchanoBox using SDL\Debug\link.8908.write.1.tlog
C:\Users\DonBot\workspace - C++\ArchanoBox using SDL\ArchanoBox using SDL\Debug\link.9020-cvtres.read.1.tlog
C:\Users\DonBot\workspace - C++\ArchanoBox using SDL\ArchanoBox using SDL\Debug\link.9020-cvtres.write.1.tlog
C:\Users\DonBot\workspace - C++\ArchanoBox using SDL\ArchanoBox using SDL\Debug\link.9020-rc.read.1.tlog
C:\Users\DonBot\workspace - C++\ArchanoBox using SDL\ArchanoBox using SDL\Debug\link.9020-rc.write.1.tlog
C:\Users\DonBot\workspace - C++\ArchanoBox using SDL\ArchanoBox using SDL\Debug\link.9020.read.1.tlog
C:\Users\DonBot\workspace - C++\ArchanoBox using SDL\ArchanoBox using SDL\Debug\link.9020.write.1.tlog
C:\Users\DonBot\workspace - C++\ArchanoBox using SDL\ArchanoBox using SDL\Debug\link.9164.read.1.tlog
C:\Users\DonBot\workspace - C++\ArchanoBox using SDL\ArchanoBox using SDL\Debug\link.9164.write.1.tlog
C:\Users\DonBot\workspace - C++\ArchanoBox using SDL\ArchanoBox using SDL\Debug\link.9184-cvtres.read.1.tlog
C:\Users\DonBot\workspace - C++\ArchanoBox using SDL\ArchanoBox using SDL\Debug\link.9184-cvtres.write.1.tlog
C:\Users\DonBot\workspace - C++\ArchanoBox using SDL\ArchanoBox using SDL\Debug\link.9184-rc.read.1.tlog
C:\Users\DonBot\workspace - C++\ArchanoBox using SDL\ArchanoBox using SDL\Debug\link.9184-rc.write.1.tlog
C:\Users\DonBot\workspace - C++\ArchanoBox using SDL\ArchanoBox using SDL\Debug\link.9184.read.1.tlog
C:\Users\DonBot\workspace - C++\ArchanoBox using SDL\ArchanoBox using SDL\Debug\link.9184.write.1.tlog
C:\Users\DonBot\workspace - C++\ArchanoBox using SDL\ArchanoBox using SDL\Debug\link.9288-cvtres.read.1.tlog
C:\Users\DonBot\workspace - C++\ArchanoBox using SDL\ArchanoBox using SDL\Debug\link.9288-cvtres.write.1.tlog
C:\Users\DonBot\workspace - C++\ArchanoBox using SDL\ArchanoBox using SDL\Debug\link.9288-rc.read.1.tlog
C:\Users\DonBot\workspace - C++\ArchanoBox using SDL\ArchanoBox using SDL\Debug\link.9288-rc.write.1.tlog
C:\Users\DonBot\workspace - C++\ArchanoBox using SDL\ArchanoBox using SDL\Debug\link.9288.read.1.tlog
C:\Users\DonBot\workspace - C++\ArchanoBox using SDL\ArchanoBox using SDL\Debug\link.9288.write.1.tlog
C:\Users\DonBot\workspace - C++\ArchanoBox using SDL\ArchanoBox using SDL\Debug\link.9304-cvtres.read.1.tlog
C:\Users\DonBot\workspace - C++\ArchanoBox using SDL\ArchanoBox using SDL\Debug\link.9304-cvtres.write.1.tlog
C:\Users\DonBot\workspace - C++\ArchanoBox using SDL\ArchanoBox using SDL\Debug\link.9304-rc.read.1.tlog
C:\Users\DonBot\workspace - C++\ArchanoBox using SDL\ArchanoBox using SDL\Debug\link.9304-rc.write.1.tlog
C:\Users\DonBot\workspace - C++\ArchanoBox using SDL\ArchanoBox using SDL\Debug\link.9304.read.1.tlog
C:\Users\DonBot\workspace - C++\ArchanoBox using SDL\ArchanoBox using SDL\Debug\link.9304.write.1.tlog
C:\Users\DonBot\workspace - C++\ArchanoBox using SDL\ArchanoBox using SDL\Debug\link.9476-cvtres.read.1.tlog
C:\Users\DonBot\workspace - C++\ArchanoBox using SDL\ArchanoBox using SDL\Debug\link.9476-cvtres.write.1.tlog
C:\Users\DonBot\workspace - C++\ArchanoBox using SDL\ArchanoBox using SDL\Debug\link.9476-rc.read.1.tlog
C:\Users\DonBot\workspace - C++\ArchanoBox using SDL\ArchanoBox using SDL\Debug\link.9476-rc.write.1.tlog
C:\Users\DonBot\workspace - C++\ArchanoBox using SDL\ArchanoBox using SDL\Debug\link.9476.read.1.tlog
C:\Users\DonBot\workspace - C++\ArchanoBox using SDL\ArchanoBox using SDL\Debug\link.9476.write.1.tlog
C:\Users\DonBot\workspace - C++\ArchanoBox using SDL\ArchanoBox using SDL\Debug\link.9644-cvtres.read.1.tlog
C:\Users\DonBot\workspace - C++\ArchanoBox using SDL\ArchanoBox using SDL\Debug\link.9644-cvtres.write.1.tlog
C:\Users\DonBot\workspace - C++\ArchanoBox using SDL\ArchanoBox using SDL\Debug\link.9644-rc.read.1.tlog
C:\Users\DonBot\workspace - C++\ArchanoBox using SDL\ArchanoBox using SDL\Debug\link.9644-rc.write.1.tlog
C:\Users\DonBot\workspace - C++\ArchanoBox using SDL\ArchanoBox using SDL\Debug\link.9644.read.1.tlog
C:\Users\DonBot\workspace - C++\ArchanoBox using SDL\ArchanoBox using SDL\Debug\link.9644.write.1.tlog
C:\Users\DonBot\workspace - C++\ArchanoBox using SDL\ArchanoBox using SDL\Debug\link.9860-cvtres.read.1.tlog
C:\Users\DonBot\workspace - C++\ArchanoBox using SDL\ArchanoBox using SDL\Debug\link.9860-cvtres.write.1.tlog
C:\Users\DonBot\workspace - C++\ArchanoBox using SDL\ArchanoBox using SDL\Debug\link.9860-rc.read.1.tlog
C:\Users\DonBot\workspace - C++\ArchanoBox using SDL\ArchanoBox using SDL\Debug\link.9860-rc.write.1.tlog
C:\Users\DonBot\workspace - C++\ArchanoBox using SDL\ArchanoBox using SDL\Debug\link.9860.read.1.tlog
C:\Users\DonBot\workspace - C++\ArchanoBox using SDL\ArchanoBox using SDL\Debug\link.9860.write.1.tlog
C:\Users\DonBot\workspace - C++\ArchanoBox using SDL\ArchanoBox using SDL\Debug\link.command.1.tlog
C:\Users\DonBot\workspace - C++\ArchanoBox using SDL\ArchanoBox using SDL\Debug\link.read.1.tlog
C:\Users\DonBot\workspace - C++\ArchanoBox using SDL\ArchanoBox using SDL\Debug\link.write.1.tlog
C:\Users\DonBot\workspace - C++\ArchanoBox using SDL\ArchanoBox using SDL\Debug\ArchanoBox using SDL.pch
C:\Users\DonBot\workspace - C++\ArchanoBox using SDL\ArchanoBox using SDL\Debug\vc110.idb
C:\Users\DonBot\workspace - C++\ArchanoBox using SDL\ArchanoBox using SDL\Debug\vc110.pdb
C:\Users\DonBot\workspace - C++\ArchanoBox using SDL\ArchanoBox using SDL\Debug\1 Main.sbr
C:\Users\DonBot\workspace - C++\ArchanoBox using SDL\ArchanoBox using SDL\Debug\CCamera.sbr
C:\Users\DonBot\workspace - C++\ArchanoBox using SDL\ArchanoBox using SDL\Debug\CMatrixTransformation.sbr
C:\Users\DonBot\workspace - C++\ArchanoBox using SDL\ArchanoBox using SDL\Debug\CShader.sbr
C:\Users\DonBot\workspace - C++\ArchanoBox using SDL\ArchanoBox using SDL\Debug\CTimer.sbr
C:\Users\DonBot\workspace - C++\ArchanoBox using SDL\ArchanoBox using SDL\Debug\CTransformationPipeline.sbr
C:\Users\DonBot\workspace - C++\ArchanoBox using SDL\ArchanoBox using SDL\Debug\Math3D.sbr
C:\Users\DonBot\workspace - C++\ArchanoBox using SDL\ArchanoBox using SDL\Debug\stdafx.sbr
C:\Users\DonBot\workspace - C++\ArchanoBox using SDL\Debug\ArchanoBox using SDL.pdb
C:\Users\DonBot\workspace - C++\ArchanoBox using SDL\Debug\ArchanoBox using SDL.bsc
